<?xml version="1.0" encoding="UTF-8"?>
<!-- Generated by org.testng.reporters.JUnitReportReporter -->
<testsuite hostname="DESKTOP-BLM1NL1" failures="0" tests="2" name="Framework.TestRunner" time="22.621" errors="0" timestamp="2025-06-23T20:02:59 IST" skipped="0">
  <testcase classname="Framework.TestRunner" name="runScenario" time="13.267"/>
  <testcase classname="Framework.TestRunner" name="runScenario" time="9.354"/>
</testsuite> <!-- Framework.TestRunner -->
