<?xml version="1.0" encoding="UTF-8"?>
<!-- Generated by org.testng.reporters.JUnitReportReporter -->
<testsuite hostname="eainlap049" failures="0" tests="2" name="Framework.TestRunner" time="17.177" errors="0" timestamp="2025-06-19T16:48:53 IST" skipped="0">
  <testcase classname="Framework.TestRunner" name="runScenario" time="6.303"/>
  <testcase classname="Framework.TestRunner" name="runScenario" time="10.874"/>
</testsuite> <!-- Framework.TestRunner -->
