<?xml version="1.0" encoding="UTF-8"?>
<!-- Generated by org.testng.reporters.JUnitReportReporter -->
<testsuite hostname="Lokeshwari" failures="0" tests="1" name="Framework.TestRunner" time="0.098" errors="0" timestamp="2025-06-18T21:26:10 IST" skipped="0">
  <testcase classname="Framework.TestRunner" name="runScenario" time="0.098"/>
</testsuite> <!-- Framework.TestRunner -->
