<?xml version="1.0" encoding="UTF-8"?>
<!-- Generated by org.testng.reporters.JUnitReportReporter -->
<testsuite hostname="eainlap049" failures="0" tests="1" name="Framework.TestRunner" time="6.152" errors="0" timestamp="2025-06-19T12:45:03 IST" skipped="0">
  <testcase classname="Framework.TestRunner" name="runScenario" time="6.152"/>
</testsuite> <!-- Framework.TestRunner -->
